<?xml version="1.0" encoding="UTF-8"?>
<!-- Generated by org.testng.reporters.JUnitXMLReporter -->
<testsuite ignored="0" hostname="Nandinis-MBP.broadband" failures="0" tests="9" name="Default test" time="8.235" errors="0" timestamp="2024-12-16T21:00:58 GMT">
  <testcase classname="api.tests.DataDrivenTest" name="testmultiplePOSTuser" time="2.025"/>
  <testcase classname="api.tests.DataDrivenTest" name="testmultiplePOSTuser" time="0.506"/>
  <testcase classname="api.tests.DataDrivenTest" name="testmultiplePOSTuser" time="0.688"/>
  <testcase classname="api.tests.DataDrivenTest" name="testgetUser" time="1.056"/>
  <testcase classname="api.tests.DataDrivenTest" name="testgetUser" time="0.483"/>
  <testcase classname="api.tests.DataDrivenTest" name="testgetUser" time="0.484"/>
  <testcase classname="api.tests.DataDrivenTest" name="testDeleteUser" time="0.496"/>
  <testcase classname="api.tests.DataDrivenTest" name="testDeleteUser" time="0.496"/>
  <testcase classname="api.tests.DataDrivenTest" name="testDeleteUser" time="0.471"/>
</testsuite> <!-- Default test -->
