<?xml version="1.0" encoding="UTF-8"?>
<!-- Generated by org.testng.reporters.JUnitXMLReporter -->
<testsuite ignored="0" hostname="Nandinis-MBP.broadband" failures="0" tests="4" name="Test" time="4.37" errors="0" timestamp="2024-12-17T17:04:42 GMT">
  <testcase classname="api.tests.UserTests" name="testPostUser" time="1.998"/>
  <testcase classname="api.tests.UserTests" name="testGetUser" time="0.621"/>
  <testcase classname="api.tests.UserTests" name="testUpdateUser" time="0.489"/>
  <testcase classname="api.tests.UserTests" name="testDeleteUser" time="0.511"/>
</testsuite> <!-- Test -->
