<?xml version="1.0" encoding="UTF-8"?>
<!-- Generated by org.testng.reporters.JUnitXMLReporter -->
<testsuite ignored="0" hostname="Nandinis-MBP.broadband" failures="0" tests="4" name="Test" time="4.805" errors="0" timestamp="2024-12-17T22:02:21 GMT">
  <testcase classname="api.tests.UserTests" name="testPostUser" time="2.322"/>
  <testcase classname="api.tests.UserTests" name="testGetUser" time="0.49"/>
  <testcase classname="api.tests.UserTests" name="testUpdateUser" time="0.485"/>
  <testcase classname="api.tests.UserTests" name="testDeleteUser" time="0.47"/>
</testsuite> <!-- Test -->
