<?xml version="1.0" encoding="UTF-8"?>
<testng-results ignored="0" total="4" passed="4" failed="0" skipped="0">
  <reporter-output>
  </reporter-output>
  <suite started-at="2024-12-17T22:02:15 GMT" name="Suite" finished-at="2024-12-17T22:02:20 GMT" duration-ms="4805">
    <groups>
    </groups>
    <test started-at="2024-12-17T22:02:15 GMT" name="Test" finished-at="2024-12-17T22:02:20 GMT" duration-ms="4805">
      <class name="api.tests.UserTests">
        <test-method is-config="true" signature="setup()[pri:0, instance:api.tests.UserTests@437da279]" started-at="2024-12-17T22:02:16 GMT" name="setup" finished-at="2024-12-17T22:02:16 GMT" duration-ms="684" status="PASS">
          <reporter-output>
          </reporter-output>
        </test-method> <!-- setup -->
        <test-method signature="testPostUser()[pri:1, instance:api.tests.UserTests@437da279]" started-at="2024-12-17T22:02:16 GMT" name="testPostUser" finished-at="2024-12-17T22:02:19 GMT" duration-ms="2322" status="PASS">
          <reporter-output>
          </reporter-output>
        </test-method> <!-- testPostUser -->
        <test-method signature="testGetUser()[pri:2, instance:api.tests.UserTests@437da279]" started-at="2024-12-17T22:02:19 GMT" name="testGetUser" finished-at="2024-12-17T22:02:19 GMT" duration-ms="490" status="PASS">
          <reporter-output>
          </reporter-output>
        </test-method> <!-- testGetUser -->
        <test-method signature="testUpdateUser()[pri:3, instance:api.tests.UserTests@437da279]" started-at="2024-12-17T22:02:19 GMT" name="testUpdateUser" finished-at="2024-12-17T22:02:20 GMT" duration-ms="485" status="PASS">
          <reporter-output>
          </reporter-output>
        </test-method> <!-- testUpdateUser -->
        <test-method signature="testDeleteUser()[pri:4, instance:api.tests.UserTests@437da279]" started-at="2024-12-17T22:02:20 GMT" name="testDeleteUser" finished-at="2024-12-17T22:02:20 GMT" duration-ms="470" status="PASS">
          <reporter-output>
          </reporter-output>
        </test-method> <!-- testDeleteUser -->
      </class> <!-- api.tests.UserTests -->
    </test> <!-- Test -->
  </suite> <!-- Suite -->
</testng-results>
