<?xml version="1.0" encoding="UTF-8"?>
<testng-results ignored="0" total="4" passed="4" failed="0" skipped="0">
  <reporter-output>
  </reporter-output>
  <suite started-at="2024-12-17T17:04:37 GMT" name="Suite" finished-at="2024-12-17T17:04:41 GMT" duration-ms="4370">
    <groups>
    </groups>
    <test started-at="2024-12-17T17:04:37 GMT" name="Test" finished-at="2024-12-17T17:04:41 GMT" duration-ms="4370">
      <class name="api.tests.UserTests">
        <test-method is-config="true" signature="setup()[pri:0, instance:api.tests.UserTests@1a942c18]" started-at="2024-12-17T17:04:37 GMT" name="setup" finished-at="2024-12-17T17:04:38 GMT" duration-ms="516" status="PASS">
          <reporter-output>
          </reporter-output>
        </test-method> <!-- setup -->
        <test-method signature="testPostUser()[pri:1, instance:api.tests.UserTests@1a942c18]" started-at="2024-12-17T17:04:38 GMT" name="testPostUser" finished-at="2024-12-17T17:04:40 GMT" duration-ms="1998" status="PASS">
          <reporter-output>
          </reporter-output>
        </test-method> <!-- testPostUser -->
        <test-method signature="testGetUser()[pri:2, instance:api.tests.UserTests@1a942c18]" started-at="2024-12-17T17:04:40 GMT" name="testGetUser" finished-at="2024-12-17T17:04:40 GMT" duration-ms="621" status="PASS">
          <reporter-output>
          </reporter-output>
        </test-method> <!-- testGetUser -->
        <test-method signature="testUpdateUser()[pri:3, instance:api.tests.UserTests@1a942c18]" started-at="2024-12-17T17:04:40 GMT" name="testUpdateUser" finished-at="2024-12-17T17:04:41 GMT" duration-ms="489" status="PASS">
          <reporter-output>
          </reporter-output>
        </test-method> <!-- testUpdateUser -->
        <test-method signature="testDeleteUser()[pri:4, instance:api.tests.UserTests@1a942c18]" started-at="2024-12-17T17:04:41 GMT" name="testDeleteUser" finished-at="2024-12-17T17:04:41 GMT" duration-ms="511" status="PASS">
          <reporter-output>
          </reporter-output>
        </test-method> <!-- testDeleteUser -->
      </class> <!-- api.tests.UserTests -->
    </test> <!-- Test -->
  </suite> <!-- Suite -->
</testng-results>
